[debug] [2026-01-03T14:22:56.563Z] ----------------------------------------------------------------------
[debug] [2026-01-03T14:22:56.566Z] Command:       C:\Program Files\nodejs\node.exe C:\Users\ayana\AppData\Roaming\npm\node_modules\firebase-tools\lib\bin\firebase.js deploy --only functions,hosting
[debug] [2026-01-03T14:22:56.567Z] CLI Version:   15.1.0
[debug] [2026-01-03T14:22:56.567Z] Platform:      win32
[debug] [2026-01-03T14:22:56.567Z] Node Version:  v24.12.0
[debug] [2026-01-03T14:22:56.567Z] Time:          Sat Jan 03 2026 09:22:56 GMT-0500 (Eastern Standard Time)
[debug] [2026-01-03T14:22:56.568Z] ----------------------------------------------------------------------
[debug] 
[debug] [2026-01-03T14:22:58.631Z] > command requires scopes: ["email","openid","https://www.googleapis.com/auth/cloudplatformprojects.readonly","https://www.googleapis.com/auth/firebase","https://www.googleapis.com/auth/cloud-platform"]
[debug] [2026-01-03T14:22:58.632Z] > authorizing via signed-in user (me@ajenaration.com)
[debug] [2026-01-03T14:22:58.632Z] [iam] checking project ajenaration for permissions ["cloudfunctions.functions.create","cloudfunctions.functions.delete","cloudfunctions.functions.get","cloudfunctions.functions.list","cloudfunctions.functions.update","cloudfunctions.operations.get","firebase.projects.get","firebasehosting.sites.update"]
[debug] [2026-01-03T14:22:58.633Z] Checked if tokens are valid: true, expires at: 1767453762232
[debug] [2026-01-03T14:22:58.633Z] Checked if tokens are valid: true, expires at: 1767453762232
[debug] [2026-01-03T14:22:58.635Z] >>> [apiv2][query] POST https://cloudresourcemanager.googleapis.com/v1/projects/ajenaration:testIamPermissions [none]
[debug] [2026-01-03T14:22:58.635Z] >>> [apiv2][(partial)header] POST https://cloudresourcemanager.googleapis.com/v1/projects/ajenaration:testIamPermissions x-goog-quota-user=projects/ajenaration
[debug] [2026-01-03T14:22:58.635Z] >>> [apiv2][body] POST https://cloudresourcemanager.googleapis.com/v1/projects/ajenaration:testIamPermissions {"permissions":["cloudfunctions.functions.create","cloudfunctions.functions.delete","cloudfunctions.functions.get","cloudfunctions.functions.list","cloudfunctions.functions.update","cloudfunctions.operations.get","firebase.projects.get","firebasehosting.sites.update"]}
[debug] [2026-01-03T14:22:59.011Z] <<< [apiv2][status] POST https://cloudresourcemanager.googleapis.com/v1/projects/ajenaration:testIamPermissions 200
[debug] [2026-01-03T14:22:59.012Z] <<< [apiv2][body] POST https://cloudresourcemanager.googleapis.com/v1/projects/ajenaration:testIamPermissions {"permissions":["cloudfunctions.functions.create","cloudfunctions.functions.delete","cloudfunctions.functions.get","cloudfunctions.functions.list","cloudfunctions.functions.update","cloudfunctions.operations.get","firebase.projects.get","firebasehosting.sites.update"]}
[debug] [2026-01-03T14:22:59.012Z] Checked if tokens are valid: true, expires at: 1767453762232
[debug] [2026-01-03T14:22:59.012Z] Checked if tokens are valid: true, expires at: 1767453762232
[debug] [2026-01-03T14:22:59.012Z] >>> [apiv2][query] POST https://iam.googleapis.com/v1/projects/ajenaration/serviceAccounts/ajenaration@appspot.gserviceaccount.com:testIamPermissions [none]
[debug] [2026-01-03T14:22:59.012Z] >>> [apiv2][body] POST https://iam.googleapis.com/v1/projects/ajenaration/serviceAccounts/ajenaration@appspot.gserviceaccount.com:testIamPermissions {"permissions":["iam.serviceAccounts.actAs"]}
[debug] [2026-01-03T14:22:59.378Z] <<< [apiv2][status] POST https://iam.googleapis.com/v1/projects/ajenaration/serviceAccounts/ajenaration@appspot.gserviceaccount.com:testIamPermissions 200
[debug] [2026-01-03T14:22:59.378Z] <<< [apiv2][body] POST https://iam.googleapis.com/v1/projects/ajenaration/serviceAccounts/ajenaration@appspot.gserviceaccount.com:testIamPermissions {"permissions":["iam.serviceAccounts.actAs"]}
[debug] [2026-01-03T14:22:59.379Z] Checked if tokens are valid: true, expires at: 1767453762232
[debug] [2026-01-03T14:22:59.379Z] Checked if tokens are valid: true, expires at: 1767453762232
[debug] [2026-01-03T14:22:59.379Z] >>> [apiv2][query] GET https://firebase.googleapis.com/v1beta1/projects/ajenaration [none]
[debug] [2026-01-03T14:22:59.792Z] <<< [apiv2][status] GET https://firebase.googleapis.com/v1beta1/projects/ajenaration 200
[debug] [2026-01-03T14:22:59.792Z] <<< [apiv2][body] GET https://firebase.googleapis.com/v1beta1/projects/ajenaration {"projectId":"ajenaration","projectNumber":"142910519324","displayName":"ajenaration","name":"projects/ajenaration","resources":{"hostingSite":"ajenaration"},"state":"ACTIVE","etag":"1_0029a716-a804-4a92-aa81-0082bde9be76"}
[info] 
[info] === Deploying to 'ajenaration'...
[info] 
[info] i  deploying functions, hosting 
[debug] [2026-01-03T14:22:59.799Z] Checked if tokens are valid: true, expires at: 1767453762232
[debug] [2026-01-03T14:22:59.799Z] Checked if tokens are valid: true, expires at: 1767453762232
[debug] [2026-01-03T14:22:59.799Z] >>> [apiv2][query] GET https://cloudresourcemanager.googleapis.com/v1/projects/ajenaration [none]
[debug] [2026-01-03T14:22:59.912Z] <<< [apiv2][status] GET https://cloudresourcemanager.googleapis.com/v1/projects/ajenaration 200
[debug] [2026-01-03T14:22:59.912Z] <<< [apiv2][body] GET https://cloudresourcemanager.googleapis.com/v1/projects/ajenaration {"projectNumber":"142910519324","projectId":"ajenaration","lifecycleState":"ACTIVE","name":"ajenaration","labels":{"firebase":"enabled","firebase-core":"disabled"},"createTime":"2026-01-02T13:26:33.528446Z","parent":{"type":"organization","id":"766430749425"}}
[info] i  functions: preparing codebase default for deployment 
[info] i  functions: ensuring required API cloudfunctions.googleapis.com is enabled... 
[info] i  functions: ensuring required API cloudbuild.googleapis.com is enabled... 
[info] i  artifactregistry: ensuring required API artifactregistry.googleapis.com is enabled... 
[debug] [2026-01-03T14:22:59.918Z] Checked if tokens are valid: true, expires at: 1767453762232
[debug] [2026-01-03T14:22:59.918Z] Checked if tokens are valid: true, expires at: 1767453762232
[debug] [2026-01-03T14:22:59.919Z] >>> [apiv2][query] GET https://firebase.googleapis.com/v1beta1/projects/ajenaration/adminSdkConfig [none]
[debug] [2026-01-03T14:23:00.082Z] <<< [apiv2][status] GET https://firebase.googleapis.com/v1beta1/projects/ajenaration/adminSdkConfig 200
[debug] [2026-01-03T14:23:00.083Z] <<< [apiv2][body] GET https://firebase.googleapis.com/v1beta1/projects/ajenaration/adminSdkConfig {"projectId":"ajenaration","storageBucket":"ajenaration.firebasestorage.app"}
[debug] [2026-01-03T14:23:00.083Z] Checked if tokens are valid: true, expires at: 1767453762232
[debug] [2026-01-03T14:23:00.083Z] Checked if tokens are valid: true, expires at: 1767453762232
[debug] [2026-01-03T14:23:00.083Z] >>> [apiv2][query] GET https://runtimeconfig.googleapis.com/v1beta1/projects/ajenaration/configs [none]
[debug] [2026-01-03T14:23:00.347Z] <<< [apiv2][status] GET https://runtimeconfig.googleapis.com/v1beta1/projects/ajenaration/configs 200
[debug] [2026-01-03T14:23:00.347Z] <<< [apiv2][body] GET https://runtimeconfig.googleapis.com/v1beta1/projects/ajenaration/configs {}
[debug] [2026-01-03T14:23:00.356Z] Validating nodejs source
[debug] [2026-01-03T14:23:03.939Z] > [functions] package.json contents: {
  "name": "functions",
  "scripts": {
    "start": "node index.js"
  },
  "dependencies": {
    "ejs": "^3.1.9",
    "express": "^4.18.2",
    "firebase-functions": "^7.0.2",
    "gray-matter": "^4.0.3",
    "marked": "^5.1.1"
  }
}
[debug] [2026-01-03T14:23:03.939Z] Building nodejs source
[info] i  functions: Loading and analyzing source code for codebase default to determine what to deploy 
[debug] [2026-01-03T14:23:03.941Z] Could not find functions.yaml. Must use http discovery
[debug] [2026-01-03T14:23:03.963Z] Found firebase-functions binary at 'C:\Users\ayana\OneDrive\Documentos\GitHub\ajenaration\functions\node_modules\.bin\firebase-functions'
[info] Serving at port 8958

[debug] [2026-01-03T14:23:05.865Z] Got response from /__/functions.yaml {"endpoints":{"app":{"availableMemoryMb":null,"timeoutSeconds":null,"minInstances":null,"maxInstances":null,"ingressSettings":null,"concurrency":null,"serviceAccountEmail":null,"vpc":null,"platform":"gcfv2","labels":{},"httpsTrigger":{},"entryPoint":"app"}},"specVersion":"v1alpha1","requiredAPIs":[],"extensions":{}}
[info] i  extensions: ensuring required API firebaseextensions.googleapis.com is enabled... 
[debug] [2026-01-03T14:23:09.913Z] > command requires scopes: ["email","openid","https://www.googleapis.com/auth/cloudplatformprojects.readonly","https://www.googleapis.com/auth/firebase","https://www.googleapis.com/auth/cloud-platform"]
[debug] [2026-01-03T14:23:09.913Z] > authorizing via signed-in user (me@ajenaration.com)
[debug] [2026-01-03T14:23:09.914Z] [iam] checking project ajenaration for permissions ["firebase.projects.get","firebaseextensions.instances.list"]
[debug] [2026-01-03T14:23:09.914Z] Checked if tokens are valid: true, expires at: 1767453762232
[debug] [2026-01-03T14:23:09.914Z] Checked if tokens are valid: true, expires at: 1767453762232
[debug] [2026-01-03T14:23:09.914Z] >>> [apiv2][query] POST https://cloudresourcemanager.googleapis.com/v1/projects/ajenaration:testIamPermissions [none]
[debug] [2026-01-03T14:23:09.914Z] >>> [apiv2][(partial)header] POST https://cloudresourcemanager.googleapis.com/v1/projects/ajenaration:testIamPermissions x-goog-quota-user=projects/ajenaration
[debug] [2026-01-03T14:23:09.914Z] >>> [apiv2][body] POST https://cloudresourcemanager.googleapis.com/v1/projects/ajenaration:testIamPermissions {"permissions":["firebase.projects.get","firebaseextensions.instances.list"]}
[debug] [2026-01-03T14:23:10.209Z] <<< [apiv2][status] POST https://cloudresourcemanager.googleapis.com/v1/projects/ajenaration:testIamPermissions 200
[debug] [2026-01-03T14:23:10.209Z] <<< [apiv2][body] POST https://cloudresourcemanager.googleapis.com/v1/projects/ajenaration:testIamPermissions {"permissions":["firebase.projects.get","firebaseextensions.instances.list"]}
[debug] [2026-01-03T14:23:10.210Z] Checked if tokens are valid: true, expires at: 1767453762232
[debug] [2026-01-03T14:23:10.210Z] Checked if tokens are valid: true, expires at: 1767453762232
[debug] [2026-01-03T14:23:10.210Z] >>> [apiv2][query] GET https://firebaseextensions.googleapis.com/v1beta/projects/ajenaration/instances pageSize=100&pageToken=
[debug] [2026-01-03T14:23:10.571Z] <<< [apiv2][status] GET https://firebaseextensions.googleapis.com/v1beta/projects/ajenaration/instances 200
[debug] [2026-01-03T14:23:10.572Z] <<< [apiv2][body] GET https://firebaseextensions.googleapis.com/v1beta/projects/ajenaration/instances {}
[info] i  functions: preparing functions directory for uploading... 
[info] i  functions: packaged C:\Users\ayana\OneDrive\Documentos\GitHub\ajenaration\functions (36.05 MB) for uploading 
[debug] [2026-01-03T14:23:12.551Z] Checked if tokens are valid: true, expires at: 1767453762232
[debug] [2026-01-03T14:23:12.551Z] Checked if tokens are valid: true, expires at: 1767453762232
[debug] [2026-01-03T14:23:12.551Z] >>> [apiv2][query] GET https://cloudfunctions.googleapis.com/v1/projects/ajenaration/locations/-/functions [none]
[debug] [2026-01-03T14:23:13.316Z] <<< [apiv2][status] GET https://cloudfunctions.googleapis.com/v1/projects/ajenaration/locations/-/functions 200
[debug] [2026-01-03T14:23:13.317Z] <<< [apiv2][body] GET https://cloudfunctions.googleapis.com/v1/projects/ajenaration/locations/-/functions {}
[debug] [2026-01-03T14:23:13.317Z] Checked if tokens are valid: true, expires at: 1767453762232
[debug] [2026-01-03T14:23:13.317Z] Checked if tokens are valid: true, expires at: 1767453762232
[debug] [2026-01-03T14:23:13.317Z] >>> [apiv2][query] GET https://cloudfunctions.googleapis.com/v2/projects/ajenaration/locations/-/functions filter=environment%3D%22GEN_2%22
[debug] [2026-01-03T14:23:13.844Z] <<< [apiv2][status] GET https://cloudfunctions.googleapis.com/v2/projects/ajenaration/locations/-/functions 200
[debug] [2026-01-03T14:23:13.844Z] <<< [apiv2][body] GET https://cloudfunctions.googleapis.com/v2/projects/ajenaration/locations/-/functions {"functions":[{"name":"projects/ajenaration/locations/us-central1/functions/app","buildConfig":{"build":"projects/142910519324/locations/us-central1/builds/328ec23a-cc27-4dc9-b0fc-5217442bf88c","runtime":"nodejs24","entryPoint":"app","source":{"storageSource":{"bucket":"gcf-v2-sources-142910519324-us-central1","object":"app/function-source.zip","generation":"1767401172996829"}},"environmentVariables":{"GOOGLE_NODE_RUN_SCRIPTS":""},"dockerRepository":"projects/ajenaration/locations/us-central1/repositories/gcf-artifacts","sourceProvenance":{"resolvedStorageSource":{"bucket":"gcf-v2-sources-142910519324-us-central1","object":"app/function-source.zip","generation":"1767401172996829"}},"dockerRegistry":"ARTIFACT_REGISTRY","serviceAccount":"projects/ajenaration/serviceAccounts/142910519324-compute@developer.gserviceaccount.com","automaticUpdatePolicy":{}},"state":"UNKNOWN","updateTime":"2026-01-03T01:01:19.509783606Z","labels":{"deployment-tool":"cli-firebase","firebase-functions-hash":"055d233f091e240b5586ce0ccb69adf8470c0c18"},"stateMessages":[{"severity":"ERROR","type":"CloudRunServiceNotFound","message":"Cloud Run service projects/ajenaration/locations/us-central1/services/app for the function was not found. The function will not work correctly. Please redeploy."}],"environment":"GEN_2","url":"https://us-central1-ajenaration.cloudfunctions.net/app","createTime":"2026-01-03T00:46:14.068714674Z","satisfiesPzi":true}]}
[info] i  functions: ensuring required API run.googleapis.com is enabled... 
[info] i  functions: ensuring required API eventarc.googleapis.com is enabled... 
[info] i  functions: ensuring required API pubsub.googleapis.com is enabled... 
[info] i  functions: ensuring required API storage.googleapis.com is enabled... 
[info] i  functions: generating the service identity for pubsub.googleapis.com... 
[debug] [2026-01-03T14:23:13.850Z] Checked if tokens are valid: true, expires at: 1767453762232
[debug] [2026-01-03T14:23:13.850Z] Checked if tokens are valid: true, expires at: 1767453762232
[info] i  functions: generating the service identity for eventarc.googleapis.com... 
[debug] [2026-01-03T14:23:13.850Z] Checked if tokens are valid: true, expires at: 1767453762232
[debug] [2026-01-03T14:23:13.850Z] Checked if tokens are valid: true, expires at: 1767453762232
[debug] [2026-01-03T14:23:13.851Z] >>> [apiv2][query] POST https://serviceusage.googleapis.com/v1beta1/projects/142910519324/services/pubsub.googleapis.com:generateServiceIdentity [none]
[debug] [2026-01-03T14:23:13.851Z] >>> [apiv2][(partial)header] POST https://serviceusage.googleapis.com/v1beta1/projects/142910519324/services/pubsub.googleapis.com:generateServiceIdentity x-goog-quota-user=projects/142910519324
[debug] [2026-01-03T14:23:13.851Z] >>> [apiv2][body] POST https://serviceusage.googleapis.com/v1beta1/projects/142910519324/services/pubsub.googleapis.com:generateServiceIdentity {}
[debug] [2026-01-03T14:23:13.852Z] >>> [apiv2][query] POST https://serviceusage.googleapis.com/v1beta1/projects/142910519324/services/eventarc.googleapis.com:generateServiceIdentity [none]
[debug] [2026-01-03T14:23:13.853Z] >>> [apiv2][(partial)header] POST https://serviceusage.googleapis.com/v1beta1/projects/142910519324/services/eventarc.googleapis.com:generateServiceIdentity x-goog-quota-user=projects/142910519324
[debug] [2026-01-03T14:23:13.853Z] >>> [apiv2][body] POST https://serviceusage.googleapis.com/v1beta1/projects/142910519324/services/eventarc.googleapis.com:generateServiceIdentity {}
[debug] [2026-01-03T14:23:14.368Z] <<< [apiv2][status] POST https://serviceusage.googleapis.com/v1beta1/projects/142910519324/services/eventarc.googleapis.com:generateServiceIdentity 200
[debug] [2026-01-03T14:23:14.368Z] <<< [apiv2][body] POST https://serviceusage.googleapis.com/v1beta1/projects/142910519324/services/eventarc.googleapis.com:generateServiceIdentity {"name":"operations/finished.DONE_OPERATION","done":true,"response":{"@type":"type.googleapis.com/google.api.serviceusage.v1beta1.ServiceIdentity","email":"service-142910519324@gcp-sa-eventarc.iam.gserviceaccount.com","uniqueId":"115890841939081872855"}}
[debug] [2026-01-03T14:23:14.368Z] <<< [apiv2][status] POST https://serviceusage.googleapis.com/v1beta1/projects/142910519324/services/pubsub.googleapis.com:generateServiceIdentity 200
[debug] [2026-01-03T14:23:14.368Z] <<< [apiv2][body] POST https://serviceusage.googleapis.com/v1beta1/projects/142910519324/services/pubsub.googleapis.com:generateServiceIdentity {"name":"operations/finished.DONE_OPERATION","done":true,"response":{"@type":"type.googleapis.com/google.api.serviceusage.v1beta1.ServiceIdentity","email":"service-142910519324@gcp-sa-pubsub.iam.gserviceaccount.com","uniqueId":"108121332251382006360"}}
[debug] [2026-01-03T14:23:14.371Z] Checked if tokens are valid: true, expires at: 1767453762232
[debug] [2026-01-03T14:23:14.371Z] Checked if tokens are valid: true, expires at: 1767453762232
[debug] [2026-01-03T14:23:14.371Z] >>> [apiv2][query] GET https://cloudresourcemanager.googleapis.com/v1/projects/ajenaration [none]
[debug] [2026-01-03T14:23:14.463Z] <<< [apiv2][status] GET https://cloudresourcemanager.googleapis.com/v1/projects/ajenaration 200
[debug] [2026-01-03T14:23:14.463Z] <<< [apiv2][body] GET https://cloudresourcemanager.googleapis.com/v1/projects/ajenaration {"projectNumber":"142910519324","projectId":"ajenaration","lifecycleState":"ACTIVE","name":"ajenaration","labels":{"firebase":"enabled","firebase-core":"disabled"},"createTime":"2026-01-02T13:26:33.528446Z","parent":{"type":"organization","id":"766430749425"}}
[debug] [2026-01-03T14:23:14.464Z] Checked if tokens are valid: true, expires at: 1767453762232
[debug] [2026-01-03T14:23:14.464Z] Checked if tokens are valid: true, expires at: 1767453762232
[debug] [2026-01-03T14:23:14.464Z] >>> [apiv2][query] GET https://compute.googleapis.com/compute/v1/projects/142910519324 [none]
[debug] [2026-01-03T14:23:14.676Z] <<< [apiv2][status] GET https://compute.googleapis.com/compute/v1/projects/142910519324 403
[debug] [2026-01-03T14:23:14.676Z] <<< [apiv2][body] GET https://compute.googleapis.com/compute/v1/projects/142910519324 {"error":{"code":403,"message":"Compute Engine API has not been used in project 142910519324 before or it is disabled. Enable it by visiting https://console.developers.google.com/apis/api/compute.googleapis.com/overview?project=142910519324 then retry. If you enabled this API recently, wait a few minutes for the action to propagate to our systems and retry.","errors":[{"message":"Compute Engine API has not been used in project 142910519324 before or it is disabled. Enable it by visiting https://console.developers.google.com/apis/api/compute.googleapis.com/overview?project=142910519324 then retry. If you enabled this API recently, wait a few minutes for the action to propagate to our systems and retry.","domain":"usageLimits","reason":"accessNotConfigured","extendedHelp":"https://console.developers.google.com"}],"status":"PERMISSION_DENIED","details":[{"@type":"type.googleapis.com/google.rpc.ErrorInfo","reason":"SERVICE_DISABLED","domain":"googleapis.com","metadata":{"activationUrl":"https://console.developers.google.com/apis/api/compute.googleapis.com/overview?project=142910519324","containerInfo":"142910519324","serviceTitle":"Compute Engine API","consumer":"projects/142910519324","service":"compute.googleapis.com"}},{"@type":"type.googleapis.com/google.rpc.LocalizedMessage","locale":"en-US","message":"Compute Engine API has not been used in project 142910519324 before or it is disabled. Enable it by visiting https://console.developers.google.com/apis/api/compute.googleapis.com/overview?project=142910519324 then retry. If you enabled this API recently, wait a few minutes for the action to propagate to our systems and retry."},{"@type":"type.googleapis.com/google.rpc.Help","links":[{"description":"Google developers console API activation","url":"https://console.developers.google.com/apis/api/compute.googleapis.com/overview?project=142910519324"}]}]}}
[debug] [2026-01-03T14:23:14.676Z] unable to look up default compute service account. Falling back to 142910519324-compute@developer.gserviceaccount.com. Error: {"name":"FirebaseError","children":[],"context":{"body":{"error":{"code":403,"message":"Compute Engine API has not been used in project 142910519324 before or it is disabled. Enable it by visiting https://console.developers.google.com/apis/api/compute.googleapis.com/overview?project=142910519324 then retry. If you enabled this API recently, wait a few minutes for the action to propagate to our systems and retry.","errors":[{"message":"Compute Engine API has not been used in project 142910519324 before or it is disabled. Enable it by visiting https://console.developers.google.com/apis/api/compute.googleapis.com/overview?project=142910519324 then retry. If you enabled this API recently, wait a few minutes for the action to propagate to our systems and retry.","domain":"usageLimits","reason":"accessNotConfigured","extendedHelp":"https://console.developers.google.com"}],"status":"PERMISSION_DENIED","details":[{"@type":"type.googleapis.com/google.rpc.ErrorInfo","reason":"SERVICE_DISABLED","domain":"googleapis.com","metadata":{"activationUrl":"https://console.developers.google.com/apis/api/compute.googleapis.com/overview?project=142910519324","containerInfo":"142910519324","serviceTitle":"Compute Engine API","consumer":"projects/142910519324","service":"compute.googleapis.com"}},{"@type":"type.googleapis.com/google.rpc.LocalizedMessage","locale":"en-US","message":"Compute Engine API has not been used in project 142910519324 before or it is disabled. Enable it by visiting https://console.developers.google.com/apis/api/compute.googleapis.com/overview?project=142910519324 then retry. If you enabled this API recently, wait a few minutes for the action to propagate to our systems and retry."},{"@type":"type.googleapis.com/google.rpc.Help","links":[{"description":"Google developers console API activation","url":"https://console.developers.google.com/apis/api/compute.googleapis.com/overview?project=142910519324"}]}]}},"response":{"statusCode":403}},"exit":1,"message":"Request to https://compute.googleapis.com/compute/v1/projects/142910519324 had HTTP Error: 403, Compute Engine API has not been used in project 142910519324 before or it is disabled. Enable it by visiting https://console.developers.google.com/apis/api/compute.googleapis.com/overview?project=142910519324 then retry. If you enabled this API recently, wait a few minutes for the action to propagate to our systems and retry.","status":403}
[debug] [2026-01-03T14:23:14.677Z] Checked if tokens are valid: true, expires at: 1767453762232
[debug] [2026-01-03T14:23:14.677Z] Checked if tokens are valid: true, expires at: 1767453762232
[debug] [2026-01-03T14:23:14.677Z] >>> [apiv2][query] GET https://compute.googleapis.com/compute/v1/projects/142910519324 [none]
[debug] [2026-01-03T14:23:14.783Z] <<< [apiv2][status] GET https://compute.googleapis.com/compute/v1/projects/142910519324 403
[debug] [2026-01-03T14:23:14.783Z] <<< [apiv2][body] GET https://compute.googleapis.com/compute/v1/projects/142910519324 {"error":{"code":403,"message":"Compute Engine API has not been used in project 142910519324 before or it is disabled. Enable it by visiting https://console.developers.google.com/apis/api/compute.googleapis.com/overview?project=142910519324 then retry. If you enabled this API recently, wait a few minutes for the action to propagate to our systems and retry.","errors":[{"message":"Compute Engine API has not been used in project 142910519324 before or it is disabled. Enable it by visiting https://console.developers.google.com/apis/api/compute.googleapis.com/overview?project=142910519324 then retry. If you enabled this API recently, wait a few minutes for the action to propagate to our systems and retry.","domain":"usageLimits","reason":"accessNotConfigured","extendedHelp":"https://console.developers.google.com"}],"status":"PERMISSION_DENIED","details":[{"@type":"type.googleapis.com/google.rpc.ErrorInfo","reason":"SERVICE_DISABLED","domain":"googleapis.com","metadata":{"activationUrl":"https://console.developers.google.com/apis/api/compute.googleapis.com/overview?project=142910519324","service":"compute.googleapis.com","serviceTitle":"Compute Engine API","consumer":"projects/142910519324","containerInfo":"142910519324"}},{"@type":"type.googleapis.com/google.rpc.LocalizedMessage","locale":"en-US","message":"Compute Engine API has not been used in project 142910519324 before or it is disabled. Enable it by visiting https://console.developers.google.com/apis/api/compute.googleapis.com/overview?project=142910519324 then retry. If you enabled this API recently, wait a few minutes for the action to propagate to our systems and retry."},{"@type":"type.googleapis.com/google.rpc.Help","links":[{"description":"Google developers console API activation","url":"https://console.developers.google.com/apis/api/compute.googleapis.com/overview?project=142910519324"}]}]}}
[debug] [2026-01-03T14:23:14.783Z] unable to look up default compute service account. Falling back to 142910519324-compute@developer.gserviceaccount.com. Error: {"name":"FirebaseError","children":[],"context":{"body":{"error":{"code":403,"message":"Compute Engine API has not been used in project 142910519324 before or it is disabled. Enable it by visiting https://console.developers.google.com/apis/api/compute.googleapis.com/overview?project=142910519324 then retry. If you enabled this API recently, wait a few minutes for the action to propagate to our systems and retry.","errors":[{"message":"Compute Engine API has not been used in project 142910519324 before or it is disabled. Enable it by visiting https://console.developers.google.com/apis/api/compute.googleapis.com/overview?project=142910519324 then retry. If you enabled this API recently, wait a few minutes for the action to propagate to our systems and retry.","domain":"usageLimits","reason":"accessNotConfigured","extendedHelp":"https://console.developers.google.com"}],"status":"PERMISSION_DENIED","details":[{"@type":"type.googleapis.com/google.rpc.ErrorInfo","reason":"SERVICE_DISABLED","domain":"googleapis.com","metadata":{"activationUrl":"https://console.developers.google.com/apis/api/compute.googleapis.com/overview?project=142910519324","service":"compute.googleapis.com","serviceTitle":"Compute Engine API","consumer":"projects/142910519324","containerInfo":"142910519324"}},{"@type":"type.googleapis.com/google.rpc.LocalizedMessage","locale":"en-US","message":"Compute Engine API has not been used in project 142910519324 before or it is disabled. Enable it by visiting https://console.developers.google.com/apis/api/compute.googleapis.com/overview?project=142910519324 then retry. If you enabled this API recently, wait a few minutes for the action to propagate to our systems and retry."},{"@type":"type.googleapis.com/google.rpc.Help","links":[{"description":"Google developers console API activation","url":"https://console.developers.google.com/apis/api/compute.googleapis.com/overview?project=142910519324"}]}]}},"response":{"statusCode":403}},"exit":1,"message":"Request to https://compute.googleapis.com/compute/v1/projects/142910519324 had HTTP Error: 403, Compute Engine API has not been used in project 142910519324 before or it is disabled. Enable it by visiting https://console.developers.google.com/apis/api/compute.googleapis.com/overview?project=142910519324 then retry. If you enabled this API recently, wait a few minutes for the action to propagate to our systems and retry.","status":403}
[debug] [2026-01-03T14:23:14.789Z] Checked if tokens are valid: true, expires at: 1767453762232
[debug] [2026-01-03T14:23:14.789Z] Checked if tokens are valid: true, expires at: 1767453762232
[debug] [2026-01-03T14:23:14.789Z] >>> [apiv2][query] POST https://firebasehosting.googleapis.com/v1beta1/projects/-/sites/ajenaration/versions [none]
[debug] [2026-01-03T14:23:14.789Z] >>> [apiv2][body] POST https://firebasehosting.googleapis.com/v1beta1/projects/-/sites/ajenaration/versions {"status":"CREATED","labels":{"deployment-tool":"cli-firebase"}}
[debug] [2026-01-03T14:23:15.481Z] <<< [apiv2][status] POST https://firebasehosting.googleapis.com/v1beta1/projects/-/sites/ajenaration/versions 200
[debug] [2026-01-03T14:23:15.481Z] <<< [apiv2][body] POST https://firebasehosting.googleapis.com/v1beta1/projects/-/sites/ajenaration/versions {"name":"projects/142910519324/sites/ajenaration/versions/ff494dc2bf2c85b6","status":"CREATED","config":{},"labels":{"deployment-tool":"cli-firebase"}}
[debug] [2026-01-03T14:23:15.482Z] Checked if tokens are valid: true, expires at: 1767453762232
[debug] [2026-01-03T14:23:15.482Z] Checked if tokens are valid: true, expires at: 1767453762232
[debug] [2026-01-03T14:23:15.482Z] >>> [apiv2][query] GET https://cloudbilling.googleapis.com/v1/projects/ajenaration/billingInfo [none]
[debug] [2026-01-03T14:23:15.781Z] <<< [apiv2][status] GET https://cloudbilling.googleapis.com/v1/projects/ajenaration/billingInfo 200
[debug] [2026-01-03T14:23:15.781Z] <<< [apiv2][body] GET https://cloudbilling.googleapis.com/v1/projects/ajenaration/billingInfo {"name":"projects/ajenaration/billingInfo","projectId":"ajenaration","billingAccountName":"billingAccounts/01813A-5854BA-88E714","billingEnabled":true}
[debug] [2026-01-03T14:23:15.783Z] Checked if tokens are valid: true, expires at: 1767453762232
[debug] [2026-01-03T14:23:15.783Z] Checked if tokens are valid: true, expires at: 1767453762232
[debug] [2026-01-03T14:23:15.783Z] >>> [apiv2][query] POST https://cloudfunctions.googleapis.com/v2/projects/ajenaration/locations/us-central1/functions:generateUploadUrl [none]
[debug] [2026-01-03T14:23:15.976Z] <<< [apiv2][status] POST https://cloudfunctions.googleapis.com/v2/projects/ajenaration/locations/us-central1/functions:generateUploadUrl 200
[debug] [2026-01-03T14:23:15.976Z] <<< [apiv2][body] POST https://cloudfunctions.googleapis.com/v2/projects/ajenaration/locations/us-central1/functions:generateUploadUrl {"uploadUrl":"https://storage.googleapis.com/gcf-v2-uploads-142910519324.us-central1.cloudfunctions.appspot.com/52199dbb-e4a6-47bb-9543-149d8a9e6caf.zip?GoogleAccessId=service-142910519324@gcf-admin-robot.iam.gserviceaccount.com&Expires=1767451995&Signature=bQ3tabAw1LLY3EPB3WThYb2%2FdHMU8nyGBALTCae4cyMnZurGl4AlSKkarC9PPus7gCoXEwXPRneqjF%2B7tpvKH8nLBZsSCDRKtpljV7EczXeolZ5HtULafe1ir7xyhtsjsTIml7NeFqH10poHcpplonYG5HnTwdXHcolzmKLcmFN4sVnM%2BC%2Bqpfdr1E%2F8e1SnIeyTcGObss7H%2Fere85wWm31YGTFpGS6wtUkBza2loXUNtsHbaIB0PP%2FUKyWgF2lWD6AILbwsik37F46uiZFCkdm9yw1nzANgWLaSLJivmONljVu0msQ1%2FMOHryHmo5Vvu75nkyOMRii%2Fonb9wMW%2Btw%3D%3D","storageSource":{"bucket":"gcf-v2-uploads-142910519324.us-central1.cloudfunctions.appspot.com","object":"52199dbb-e4a6-47bb-9543-149d8a9e6caf.zip"}}
[debug] [2026-01-03T14:23:15.977Z] >>> [apiv2][query] PUT https://storage.googleapis.com/gcf-v2-uploads-142910519324.us-central1.cloudfunctions.appspot.com/52199dbb-e4a6-47bb-9543-149d8a9e6caf.zip GoogleAccessId=service-142910519324%40gcf-admin-robot.iam.gserviceaccount.com&Expires=1767451995&Signature=bQ3tabAw1LLY3EPB3WThYb2%2FdHMU8nyGBALTCae4cyMnZurGl4AlSKkarC9PPus7gCoXEwXPRneqjF%2B7tpvKH8nLBZsSCDRKtpljV7EczXeolZ5HtULafe1ir7xyhtsjsTIml7NeFqH10poHcpplonYG5HnTwdXHcolzmKLcmFN4sVnM%2BC%2Bqpfdr1E%2F8e1SnIeyTcGObss7H%2Fere85wWm31YGTFpGS6wtUkBza2loXUNtsHbaIB0PP%2FUKyWgF2lWD6AILbwsik37F46uiZFCkdm9yw1nzANgWLaSLJivmONljVu0msQ1%2FMOHryHmo5Vvu75nkyOMRii%2Fonb9wMW%2Btw%3D%3D
[debug] [2026-01-03T14:23:15.977Z] >>> [apiv2][body] PUT https://storage.googleapis.com/gcf-v2-uploads-142910519324.us-central1.cloudfunctions.appspot.com/52199dbb-e4a6-47bb-9543-149d8a9e6caf.zip [stream]
[debug] [2026-01-03T14:23:21.879Z] <<< [apiv2][status] PUT https://storage.googleapis.com/gcf-v2-uploads-142910519324.us-central1.cloudfunctions.appspot.com/52199dbb-e4a6-47bb-9543-149d8a9e6caf.zip 200
[debug] [2026-01-03T14:23:21.880Z] <<< [apiv2][body] PUT https://storage.googleapis.com/gcf-v2-uploads-142910519324.us-central1.cloudfunctions.appspot.com/52199dbb-e4a6-47bb-9543-149d8a9e6caf.zip [omitted]
[info] +  functions: functions source uploaded successfully 
[info] i  hosting[ajenaration]: beginning deploy... 
[info] i  hosting[ajenaration]: found 41 files in public 
[debug] [2026-01-03T14:23:21.905Z] [hosting] uploading with 200 concurrency
[debug] [2026-01-03T14:23:21.922Z] Checked if tokens are valid: true, expires at: 1767453762232
[debug] [2026-01-03T14:23:21.922Z] Checked if tokens are valid: true, expires at: 1767453762232
[debug] [2026-01-03T14:23:21.924Z] [hosting] hash cache [cHVibGlj] stored for 41 files
[debug] [2026-01-03T14:23:21.924Z] [hosting][hash queue][FINAL] {"max":6,"min":0,"avg":0,"active":0,"complete":41,"success":41,"errored":0,"retried":0,"total":41,"elapsed":9}
[debug] [2026-01-03T14:23:21.924Z] >>> [apiv2][query] POST https://firebasehosting.googleapis.com/v1beta1/projects/142910519324/sites/ajenaration/versions/ff494dc2bf2c85b6:populateFiles [none]
[debug] [2026-01-03T14:23:21.924Z] >>> [apiv2][body] POST https://firebasehosting.googleapis.com/v1beta1/projects/142910519324/sites/ajenaration/versions/ff494dc2bf2c85b6:populateFiles {"files":{"/style.css":"7738ba45df65f18f966f42a14d2b6e69cf1b5958364e93075a7037bdbd07bfa7","/script.js":"be6721ec1fa678993e2c16273a61719406cccecd9c8638981a54df2f6699371c","/index.html":"efe79634d585bbc7ea017c843ae09848db2262483293d36a9b84f4df06c5cc73","/ayana-n-resume.pdf":"f4964eb9314af2707a4a7d12544cfa8e812acf1cec632e890576ee19216550c5","/images/r-03.png":"32f7d71af533cbafa4bc8b1b78664435b540648397726c1167eb8a4d962bfab4","/images/r-02.gif":"2274c1b5e0ca017cb7a2a720e6967b776b1a7764a5e4417923699bd625804040","/images/r-01.gif":"4980b3c45ff69bf7b5ee09d9a8076a9469068d75c13d14772470a27a72f5eecb","/images/pv-09.png":"c5a4b43e3c0409a71cc68cfbe29221e22dc6d8c17bf48f3b972362fac9ba3e44","/images/pv-08.mp4":"6d14721941c9f68b9f0c7c029a0f84b4663070c7250ab147a6a921bc830d62ad","/images/pv-07.gif":"aee63cc9d6131260cbc9ef2a528ae9f3c3a37f66c76c9475bd54b2e8926183e1","/images/pv-06.gif":"6b195e46d7d8b9bd744dc71e63acb72dc0fcc9df478d304b021b7bc750b2af72","/images/pv-05.gif":"9419225772883b7412713b27f096f816c5429c8a3b3fe4c88dd9407f20c92ccf","/images/pv-04.gif":"d8251b6fcd0032db6504f2dafeb34b31abf55ca8e45b3f2aa056d6ccd64057f3","/images/pv-03.gif":"a3dd5f734eb53d78b09362cbd59eca12a5e6a5bd6e3a89c29cd2ecfb79cf8bd9","/images/pv-02.gif":"dc1cfcfd6f1fedc10e3ebc7b3f3108006d1823857dfdcec7aa4bfceba5369305","/images/pv-01.gif":"86fb7762da5cc436137cd9764359f49e623ba4d64c0a303be3e24c885769daf3","/images/otl-04.png":"47ca1f10df850f6416c3f5329e3e606dd4fa63df8d5c19bbbcefb4cbb46d6c8a","/images/otl-03.gif":"e9a108e6d74aea428734100666489ecec3f231e526eb59140a26411e355f590a","/images/otl-02.gif":"e77524782f3fcfd9ccf1dfb3467e0194263617c6432916f9eefe79d69a37ecad","/images/otl-01.gif":"559c03e7c665f63f8d75c9fc270fb9773c87a69f3b49efbaed97793b443b5061","/images/mr-02.png":"216afa9353442948144622e3a515521880a3180d5193eb1227693e527de1b07d","/images/mr-01.gif":"965414efb682ccd66dbfd851f2383fd244f9d070d719c5939aaa2e23a8fbcd1f","/images/ltc-08.png":"9719f9132da542f41a561250ef40c6dde4e9f18003ababf048e4afab58f54617","/images/ltc-07.png":"44f2c3404faf970494c39abd914a2cc91d28aba22ea71a719c235f213ac94e2e","/images/ltc-06.png":"638f2efa330268799199d833188e618e39cb272a78eef2d89c5afe37254cde40","/images/ltc-05.png":"9d7052dd60692283264664373e45ebd813f4eb08d068e41f8d3ad9dc7fcfaa0a","/images/ltc-04.png":"8445f8efb519fad3b6294cc658a44d611c90eb61b6bbf7967709374447ec7010","/images/ltc-03.png":"7b9fe914128cf4c9a8f0f723e7032d864523eae53f1d1855fad6fcea70371f26","/images/ltc-02.png":"1312a77ac046ba3beb42247e8ad9b23a4fe59212f09f3bd382ae625fedfd14a7","/images/ltc-01.gif":"760ac9d07ae395df549e4eea237c1d7ee76c8f4d58330fc331bf3c7ae40a00ad","/images/hello.jpg":"a60cd800e07187aa0a4e0393c2011918ba19f78e7a2a5605599fcf457505044c","/images/hello-2.jpg":"1e4e075ae2caae8d234d0278f963d478c0a4f2d99c79435d97e9f1661f241209","/images/fl-06.jpg":"de1d2daa319792b673ebfaf8c8418b44ff15c15381b754ffda8458050186c203","/images/fl-05.png":"9fcc402970528b870fcb984480c68ba2305fe9ae2ef14b144bbbbf727cb47d9a","/images/fl-04.png":"2914d86def8d934d72613f7a5ccf29711a334c6fd6143fb644e8c7cd9876252a","/images/fl-03.png":"a4565ab5d0af08a0670fe83c10a19e731680a413b38e7bdfd4a4306bc6d500c4","/images/fl-02.jpg":"ddbd88db253b7be63d407913c9bc619bd30e36f0d822682ba55734f017acdb57","/images/fl-01.gif":"1a2f7f558e4881fc4b924068104fe4a1e52f68b70f1d813ef88eeb5f671520fd","/images/f-03.png":"300e359b7e603c53600368a0fb461ca79486488ca15149fea774672bf8506d8f","/images/f-02.gif":"f0a0402c94355d9a222618d7e9afed0a2e90fb7a10c73481152ead555b0f447e","/images/f-01.gif":"a857ad577c0be6be56c934499c537f94d59581ac8e2bf3ac751c2adc5dd7ffe0"}}
[debug] [2026-01-03T14:23:22.285Z] <<< [apiv2][status] POST https://firebasehosting.googleapis.com/v1beta1/projects/142910519324/sites/ajenaration/versions/ff494dc2bf2c85b6:populateFiles 200
[debug] [2026-01-03T14:23:22.286Z] <<< [apiv2][body] POST https://firebasehosting.googleapis.com/v1beta1/projects/142910519324/sites/ajenaration/versions/ff494dc2bf2c85b6:populateFiles {"uploadUrl":"https://upload-firebasehosting.googleapis.com/upload/sites/ajenaration/versions/ff494dc2bf2c85b6/files"}
[debug] [2026-01-03T14:23:22.286Z] [hosting][populate queue][FINAL] {"max":364,"min":364,"avg":364,"active":0,"complete":1,"success":1,"errored":0,"retried":0,"total":1,"elapsed":364}
[debug] [2026-01-03T14:23:22.286Z] [hosting] uploads queued: 0
[debug] [2026-01-03T14:23:22.286Z] [hosting][upload queue][FINAL] {"max":0,"min":9999999999,"avg":0,"active":0,"complete":0,"success":0,"errored":0,"retried":0,"total":0,"elapsed":1767450202286}
[info] +  hosting[ajenaration]: file upload complete 
[debug] [2026-01-03T14:23:22.287Z] [hosting] deploy completed after 404ms
[info] i  functions: updating Node.js 24 (2nd Gen) function app(us-central1)... 
[debug] [2026-01-03T14:23:22.293Z] Checked if tokens are valid: true, expires at: 1767453762232
[debug] [2026-01-03T14:23:22.293Z] Checked if tokens are valid: true, expires at: 1767453762232
[debug] [2026-01-03T14:23:22.293Z] >>> [apiv2][query] PATCH https://cloudfunctions.googleapis.com/v2/projects/ajenaration/locations/us-central1/functions/app updateMask=name%2CbuildConfig.runtime%2CbuildConfig.entryPoint%2CbuildConfig.source.storageSource.bucket%2CbuildConfig.source.storageSource.object%2CbuildConfig.environmentVariables%2CserviceConfig.environmentVariables%2CserviceConfig.ingressSettings%2CserviceConfig.timeoutSeconds%2CserviceConfig.serviceAccountEmail%2CserviceConfig.availableMemory%2CserviceConfig.minInstanceCount%2CserviceConfig.maxInstanceCount%2CserviceConfig.maxInstanceRequestConcurrency%2CserviceConfig.availableCpu%2CserviceConfig.vpcConnector%2CserviceConfig.vpcConnectorEgressSettings%2Clabels
[debug] [2026-01-03T14:23:22.293Z] >>> [apiv2][body] PATCH https://cloudfunctions.googleapis.com/v2/projects/ajenaration/locations/us-central1/functions/app {"name":"projects/ajenaration/locations/us-central1/functions/app","buildConfig":{"runtime":"nodejs24","entryPoint":"app","source":{"storageSource":{"bucket":"gcf-v2-uploads-142910519324.us-central1.cloudfunctions.appspot.com","object":"52199dbb-e4a6-47bb-9543-149d8a9e6caf.zip"}},"environmentVariables":{"GOOGLE_NODE_RUN_SCRIPTS":""}},"serviceConfig":{"environmentVariables":{"FIREBASE_CONFIG":"{\"projectId\":\"ajenaration\",\"storageBucket\":\"ajenaration.firebasestorage.app\"}","GCLOUD_PROJECT":"ajenaration","EVENTARC_CLOUD_EVENT_SOURCE":"projects/ajenaration/locations/us-central1/services/app","FUNCTION_TARGET":"app","LOG_EXECUTION_ID":"true"},"ingressSettings":null,"timeoutSeconds":null,"serviceAccountEmail":null,"availableMemory":"256Mi","minInstanceCount":null,"maxInstanceCount":null,"maxInstanceRequestConcurrency":80,"availableCpu":"1","vpcConnector":null,"vpcConnectorEgressSettings":null},"labels":{"deployment-tool":"cli-firebase","firebase-functions-hash":"055d233f091e240b5586ce0ccb69adf8470c0c18"}}
[debug] [2026-01-03T14:23:23.659Z] <<< [apiv2][status] PATCH https://cloudfunctions.googleapis.com/v2/projects/ajenaration/locations/us-central1/functions/app 200
[debug] [2026-01-03T14:23:23.659Z] <<< [apiv2][body] PATCH https://cloudfunctions.googleapis.com/v2/projects/ajenaration/locations/us-central1/functions/app {"name":"projects/ajenaration/locations/us-central1/operations/operation-1767450201694-6477c916e21c5-b487779b-4f01e8f5","metadata":{"@type":"type.googleapis.com/google.cloud.functions.v2.OperationMetadata","createTime":"2026-01-03T14:23:22.704153495Z","target":"projects/ajenaration/locations/us-central1/functions/app","verb":"update","cancelRequested":false,"apiVersion":"v2"},"done":false}
[debug] [2026-01-03T14:23:23.661Z] Checked if tokens are valid: true, expires at: 1767453762232
[debug] [2026-01-03T14:23:23.661Z] Checked if tokens are valid: true, expires at: 1767453762232
[debug] [2026-01-03T14:23:23.661Z] >>> [apiv2][query] GET https://cloudfunctions.googleapis.com/v2/projects/ajenaration/locations/us-central1/operations/operation-1767450201694-6477c916e21c5-b487779b-4f01e8f5 [none]
[debug] [2026-01-03T14:23:23.903Z] <<< [apiv2][status] GET https://cloudfunctions.googleapis.com/v2/projects/ajenaration/locations/us-central1/operations/operation-1767450201694-6477c916e21c5-b487779b-4f01e8f5 200
[debug] [2026-01-03T14:23:23.904Z] <<< [apiv2][body] GET https://cloudfunctions.googleapis.com/v2/projects/ajenaration/locations/us-central1/operations/operation-1767450201694-6477c916e21c5-b487779b-4f01e8f5 {"name":"projects/ajenaration/locations/us-central1/operations/operation-1767450201694-6477c916e21c5-b487779b-4f01e8f5","metadata":{"@type":"type.googleapis.com/google.cloud.functions.v2.OperationMetadata","createTime":"2026-01-03T14:23:22.704153495Z","target":"projects/ajenaration/locations/us-central1/functions/app","verb":"update","cancelRequested":false,"apiVersion":"v2","requestResource":{"@type":"type.googleapis.com/google.cloud.functions.v2.Function","name":"projects/ajenaration/locations/us-central1/functions/app","buildConfig":{"runtime":"nodejs24","entryPoint":"app","source":{"storageSource":{"bucket":"gcf-v2-sources-142910519324-us-central1","object":"app/function-source.zip","generation":"1767450202645315"}},"environmentVariables":{"GOOGLE_NODE_RUN_SCRIPTS":""},"dockerRepository":"projects/ajenaration/locations/us-central1/repositories/gcf-artifacts","sourceProvenance":{"resolvedStorageSource":{"bucket":"gcf-v2-sources-142910519324-us-central1","object":"app/function-source.zip","generation":"1767401172996829"}},"dockerRegistry":"ARTIFACT_REGISTRY","serviceAccount":"projects/ajenaration/serviceAccounts/142910519324-compute@developer.gserviceaccount.com","automaticUpdatePolicy":{}},"serviceConfig":{"service":"projects/ajenaration/locations/us-central1/services/app","timeoutSeconds":60,"environmentVariables":{"FIREBASE_CONFIG":"{\"projectId\":\"ajenaration\",\"storageBucket\":\"ajenaration.firebasestorage.app\"}","GCLOUD_PROJECT":"ajenaration","EVENTARC_CLOUD_EVENT_SOURCE":"projects/ajenaration/locations/us-central1/services/app","FUNCTION_TARGET":"app","LOG_EXECUTION_ID":"true"},"ingressSettings":"ALLOW_ALL","serviceAccountEmail":"142910519324-compute@developer.gserviceaccount.com","availableMemory":"256Mi","maxInstanceRequestConcurrency":80,"availableCpu":"1"},"state":"UNKNOWN","labels":{"firebase-functions-hash":"055d233f091e240b5586ce0ccb69adf8470c0c18"},"stateMessages":[{"severity":"ERROR","type":"CloudRunServiceNotFound","message":"Cloud Run service projects/ajenaration/locations/us-central1/services/app for the function was not found. The function will not work correctly. Please redeploy."}],"environment":"GEN_2","url":"https://us-central1-ajenaration.cloudfunctions.net/app","satisfiesPzi":true},"stages":[{"name":"BUILD","state":"NOT_STARTED"},{"name":"SERVICE","state":"NOT_STARTED"}],"operationType":"UPDATE_FUNCTION"},"done":false}
[debug] [2026-01-03T14:23:24.409Z] [update-default-us-central1-app] Retrying task index 0
[debug] [2026-01-03T14:23:24.410Z] Checked if tokens are valid: true, expires at: 1767453762232
[debug] [2026-01-03T14:23:24.410Z] Checked if tokens are valid: true, expires at: 1767453762232
[debug] [2026-01-03T14:23:24.410Z] >>> [apiv2][query] GET https://cloudfunctions.googleapis.com/v2/projects/ajenaration/locations/us-central1/operations/operation-1767450201694-6477c916e21c5-b487779b-4f01e8f5 [none]
[debug] [2026-01-03T14:23:24.523Z] <<< [apiv2][status] GET https://cloudfunctions.googleapis.com/v2/projects/ajenaration/locations/us-central1/operations/operation-1767450201694-6477c916e21c5-b487779b-4f01e8f5 200
[debug] [2026-01-03T14:23:24.523Z] <<< [apiv2][body] GET https://cloudfunctions.googleapis.com/v2/projects/ajenaration/locations/us-central1/operations/operation-1767450201694-6477c916e21c5-b487779b-4f01e8f5 {"name":"projects/ajenaration/locations/us-central1/operations/operation-1767450201694-6477c916e21c5-b487779b-4f01e8f5","metadata":{"@type":"type.googleapis.com/google.cloud.functions.v2.OperationMetadata","createTime":"2026-01-03T14:23:22.704153495Z","target":"projects/ajenaration/locations/us-central1/functions/app","verb":"update","cancelRequested":false,"apiVersion":"v2","requestResource":{"@type":"type.googleapis.com/google.cloud.functions.v2.Function","name":"projects/ajenaration/locations/us-central1/functions/app","buildConfig":{"runtime":"nodejs24","entryPoint":"app","source":{"storageSource":{"bucket":"gcf-v2-sources-142910519324-us-central1","object":"app/function-source.zip","generation":"1767450202645315"}},"environmentVariables":{"GOOGLE_NODE_RUN_SCRIPTS":""},"dockerRepository":"projects/ajenaration/locations/us-central1/repositories/gcf-artifacts","sourceProvenance":{"resolvedStorageSource":{"bucket":"gcf-v2-sources-142910519324-us-central1","object":"app/function-source.zip","generation":"1767401172996829"}},"dockerRegistry":"ARTIFACT_REGISTRY","serviceAccount":"projects/ajenaration/serviceAccounts/142910519324-compute@developer.gserviceaccount.com","automaticUpdatePolicy":{}},"serviceConfig":{"service":"projects/ajenaration/locations/us-central1/services/app","timeoutSeconds":60,"environmentVariables":{"FIREBASE_CONFIG":"{\"projectId\":\"ajenaration\",\"storageBucket\":\"ajenaration.firebasestorage.app\"}","GCLOUD_PROJECT":"ajenaration","EVENTARC_CLOUD_EVENT_SOURCE":"projects/ajenaration/locations/us-central1/services/app","FUNCTION_TARGET":"app","LOG_EXECUTION_ID":"true"},"ingressSettings":"ALLOW_ALL","serviceAccountEmail":"142910519324-compute@developer.gserviceaccount.com","availableMemory":"256Mi","maxInstanceRequestConcurrency":80,"availableCpu":"1"},"state":"UNKNOWN","labels":{"firebase-functions-hash":"055d233f091e240b5586ce0ccb69adf8470c0c18"},"stateMessages":[{"severity":"ERROR","type":"CloudRunServiceNotFound","message":"Cloud Run service projects/ajenaration/locations/us-central1/services/app for the function was not found. The function will not work correctly. Please redeploy."}],"environment":"GEN_2","url":"https://us-central1-ajenaration.cloudfunctions.net/app","satisfiesPzi":true},"stages":[{"name":"BUILD","message":"Creating build","state":"IN_PROGRESS","resource":"projects/142910519324/locations/us-central1/builds/ff496e86-b298-4a3d-aafc-d0cab0274b0e","resourceUri":"https://console.cloud.google.com/cloud-build/builds;region=us-central1/ff496e86-b298-4a3d-aafc-d0cab0274b0e?project=142910519324"},{"name":"SERVICE","state":"NOT_STARTED"}],"operationType":"UPDATE_FUNCTION","buildName":"projects/142910519324/locations/us-central1/builds/ff496e86-b298-4a3d-aafc-d0cab0274b0e"},"done":false}
[debug] [2026-01-03T14:23:25.535Z] [update-default-us-central1-app] Retrying task index 0
[debug] [2026-01-03T14:23:25.535Z] Checked if tokens are valid: true, expires at: 1767453762232
[debug] [2026-01-03T14:23:25.536Z] Checked if tokens are valid: true, expires at: 1767453762232
[debug] [2026-01-03T14:23:25.536Z] >>> [apiv2][query] GET https://cloudfunctions.googleapis.com/v2/projects/ajenaration/locations/us-central1/operations/operation-1767450201694-6477c916e21c5-b487779b-4f01e8f5 [none]
[debug] [2026-01-03T14:23:25.617Z] <<< [apiv2][status] GET https://cloudfunctions.googleapis.com/v2/projects/ajenaration/locations/us-central1/operations/operation-1767450201694-6477c916e21c5-b487779b-4f01e8f5 200
[debug] [2026-01-03T14:23:25.618Z] <<< [apiv2][body] GET https://cloudfunctions.googleapis.com/v2/projects/ajenaration/locations/us-central1/operations/operation-1767450201694-6477c916e21c5-b487779b-4f01e8f5 {"name":"projects/ajenaration/locations/us-central1/operations/operation-1767450201694-6477c916e21c5-b487779b-4f01e8f5","metadata":{"@type":"type.googleapis.com/google.cloud.functions.v2.OperationMetadata","createTime":"2026-01-03T14:23:22.704153495Z","target":"projects/ajenaration/locations/us-central1/functions/app","verb":"update","cancelRequested":false,"apiVersion":"v2","requestResource":{"@type":"type.googleapis.com/google.cloud.functions.v2.Function","name":"projects/ajenaration/locations/us-central1/functions/app","buildConfig":{"runtime":"nodejs24","entryPoint":"app","source":{"storageSource":{"bucket":"gcf-v2-sources-142910519324-us-central1","object":"app/function-source.zip","generation":"1767450202645315"}},"environmentVariables":{"GOOGLE_NODE_RUN_SCRIPTS":""},"dockerRepository":"projects/ajenaration/locations/us-central1/repositories/gcf-artifacts","sourceProvenance":{"resolvedStorageSource":{"bucket":"gcf-v2-sources-142910519324-us-central1","object":"app/function-source.zip","generation":"1767401172996829"}},"dockerRegistry":"ARTIFACT_REGISTRY","serviceAccount":"projects/ajenaration/serviceAccounts/142910519324-compute@developer.gserviceaccount.com","automaticUpdatePolicy":{}},"serviceConfig":{"service":"projects/ajenaration/locations/us-central1/services/app","timeoutSeconds":60,"environmentVariables":{"FIREBASE_CONFIG":"{\"projectId\":\"ajenaration\",\"storageBucket\":\"ajenaration.firebasestorage.app\"}","GCLOUD_PROJECT":"ajenaration","EVENTARC_CLOUD_EVENT_SOURCE":"projects/ajenaration/locations/us-central1/services/app","FUNCTION_TARGET":"app","LOG_EXECUTION_ID":"true"},"ingressSettings":"ALLOW_ALL","serviceAccountEmail":"142910519324-compute@developer.gserviceaccount.com","availableMemory":"256Mi","maxInstanceRequestConcurrency":80,"availableCpu":"1"},"state":"UNKNOWN","labels":{"firebase-functions-hash":"055d233f091e240b5586ce0ccb69adf8470c0c18"},"stateMessages":[{"severity":"ERROR","type":"CloudRunServiceNotFound","message":"Cloud Run service projects/ajenaration/locations/us-central1/services/app for the function was not found. The function will not work correctly. Please redeploy."}],"environment":"GEN_2","url":"https://us-central1-ajenaration.cloudfunctions.net/app","satisfiesPzi":true},"stages":[{"name":"BUILD","message":"Build in progress","state":"IN_PROGRESS","resource":"projects/142910519324/locations/us-central1/builds/ff496e86-b298-4a3d-aafc-d0cab0274b0e","resourceUri":"https://console.cloud.google.com/cloud-build/builds;region=us-central1/ff496e86-b298-4a3d-aafc-d0cab0274b0e?project=142910519324"},{"name":"SERVICE","state":"NOT_STARTED"}],"operationType":"UPDATE_FUNCTION","buildName":"projects/142910519324/locations/us-central1/builds/ff496e86-b298-4a3d-aafc-d0cab0274b0e"},"done":false}
[debug] [2026-01-03T14:23:27.631Z] [update-default-us-central1-app] Retrying task index 0
[debug] [2026-01-03T14:23:27.631Z] Checked if tokens are valid: true, expires at: 1767453762232
[debug] [2026-01-03T14:23:27.632Z] Checked if tokens are valid: true, expires at: 1767453762232
[debug] [2026-01-03T14:23:27.632Z] >>> [apiv2][query] GET https://cloudfunctions.googleapis.com/v2/projects/ajenaration/locations/us-central1/operations/operation-1767450201694-6477c916e21c5-b487779b-4f01e8f5 [none]
[debug] [2026-01-03T14:23:27.760Z] <<< [apiv2][status] GET https://cloudfunctions.googleapis.com/v2/projects/ajenaration/locations/us-central1/operations/operation-1767450201694-6477c916e21c5-b487779b-4f01e8f5 200
[debug] [2026-01-03T14:23:27.760Z] <<< [apiv2][body] GET https://cloudfunctions.googleapis.com/v2/projects/ajenaration/locations/us-central1/operations/operation-1767450201694-6477c916e21c5-b487779b-4f01e8f5 {"name":"projects/ajenaration/locations/us-central1/operations/operation-1767450201694-6477c916e21c5-b487779b-4f01e8f5","metadata":{"@type":"type.googleapis.com/google.cloud.functions.v2.OperationMetadata","createTime":"2026-01-03T14:23:22.704153495Z","target":"projects/ajenaration/locations/us-central1/functions/app","verb":"update","cancelRequested":false,"apiVersion":"v2","requestResource":{"@type":"type.googleapis.com/google.cloud.functions.v2.Function","name":"projects/ajenaration/locations/us-central1/functions/app","buildConfig":{"runtime":"nodejs24","entryPoint":"app","source":{"storageSource":{"bucket":"gcf-v2-sources-142910519324-us-central1","object":"app/function-source.zip","generation":"1767450202645315"}},"environmentVariables":{"GOOGLE_NODE_RUN_SCRIPTS":""},"dockerRepository":"projects/ajenaration/locations/us-central1/repositories/gcf-artifacts","sourceProvenance":{"resolvedStorageSource":{"bucket":"gcf-v2-sources-142910519324-us-central1","object":"app/function-source.zip","generation":"1767401172996829"}},"dockerRegistry":"ARTIFACT_REGISTRY","serviceAccount":"projects/ajenaration/serviceAccounts/142910519324-compute@developer.gserviceaccount.com","automaticUpdatePolicy":{}},"serviceConfig":{"service":"projects/ajenaration/locations/us-central1/services/app","timeoutSeconds":60,"environmentVariables":{"FIREBASE_CONFIG":"{\"projectId\":\"ajenaration\",\"storageBucket\":\"ajenaration.firebasestorage.app\"}","GCLOUD_PROJECT":"ajenaration","EVENTARC_CLOUD_EVENT_SOURCE":"projects/ajenaration/locations/us-central1/services/app","FUNCTION_TARGET":"app","LOG_EXECUTION_ID":"true"},"ingressSettings":"ALLOW_ALL","serviceAccountEmail":"142910519324-compute@developer.gserviceaccount.com","availableMemory":"256Mi","maxInstanceRequestConcurrency":80,"availableCpu":"1"},"state":"UNKNOWN","labels":{"firebase-functions-hash":"055d233f091e240b5586ce0ccb69adf8470c0c18"},"stateMessages":[{"severity":"ERROR","type":"CloudRunServiceNotFound","message":"Cloud Run service projects/ajenaration/locations/us-central1/services/app for the function was not found. The function will not work correctly. Please redeploy."}],"environment":"GEN_2","url":"https://us-central1-ajenaration.cloudfunctions.net/app","satisfiesPzi":true},"stages":[{"name":"BUILD","message":"Build in progress","state":"IN_PROGRESS","resource":"projects/142910519324/locations/us-central1/builds/ff496e86-b298-4a3d-aafc-d0cab0274b0e","resourceUri":"https://console.cloud.google.com/cloud-build/builds;region=us-central1/ff496e86-b298-4a3d-aafc-d0cab0274b0e?project=142910519324"},{"name":"SERVICE","state":"NOT_STARTED"}],"operationType":"UPDATE_FUNCTION","buildName":"projects/142910519324/locations/us-central1/builds/ff496e86-b298-4a3d-aafc-d0cab0274b0e"},"done":false}
[debug] [2026-01-03T14:23:31.768Z] [update-default-us-central1-app] Retrying task index 0
[debug] [2026-01-03T14:23:31.769Z] Checked if tokens are valid: true, expires at: 1767453762232
[debug] [2026-01-03T14:23:31.769Z] Checked if tokens are valid: true, expires at: 1767453762232
[debug] [2026-01-03T14:23:31.770Z] >>> [apiv2][query] GET https://cloudfunctions.googleapis.com/v2/projects/ajenaration/locations/us-central1/operations/operation-1767450201694-6477c916e21c5-b487779b-4f01e8f5 [none]
[debug] [2026-01-03T14:23:31.887Z] <<< [apiv2][status] GET https://cloudfunctions.googleapis.com/v2/projects/ajenaration/locations/us-central1/operations/operation-1767450201694-6477c916e21c5-b487779b-4f01e8f5 200
[debug] [2026-01-03T14:23:31.888Z] <<< [apiv2][body] GET https://cloudfunctions.googleapis.com/v2/projects/ajenaration/locations/us-central1/operations/operation-1767450201694-6477c916e21c5-b487779b-4f01e8f5 {"name":"projects/ajenaration/locations/us-central1/operations/operation-1767450201694-6477c916e21c5-b487779b-4f01e8f5","metadata":{"@type":"type.googleapis.com/google.cloud.functions.v2.OperationMetadata","createTime":"2026-01-03T14:23:22.704153495Z","target":"projects/ajenaration/locations/us-central1/functions/app","verb":"update","cancelRequested":false,"apiVersion":"v2","requestResource":{"@type":"type.googleapis.com/google.cloud.functions.v2.Function","name":"projects/ajenaration/locations/us-central1/functions/app","buildConfig":{"runtime":"nodejs24","entryPoint":"app","source":{"storageSource":{"bucket":"gcf-v2-sources-142910519324-us-central1","object":"app/function-source.zip","generation":"1767450202645315"}},"environmentVariables":{"GOOGLE_NODE_RUN_SCRIPTS":""},"dockerRepository":"projects/ajenaration/locations/us-central1/repositories/gcf-artifacts","sourceProvenance":{"resolvedStorageSource":{"bucket":"gcf-v2-sources-142910519324-us-central1","object":"app/function-source.zip","generation":"1767401172996829"}},"dockerRegistry":"ARTIFACT_REGISTRY","serviceAccount":"projects/ajenaration/serviceAccounts/142910519324-compute@developer.gserviceaccount.com","automaticUpdatePolicy":{}},"serviceConfig":{"service":"projects/ajenaration/locations/us-central1/services/app","timeoutSeconds":60,"environmentVariables":{"FIREBASE_CONFIG":"{\"projectId\":\"ajenaration\",\"storageBucket\":\"ajenaration.firebasestorage.app\"}","GCLOUD_PROJECT":"ajenaration","EVENTARC_CLOUD_EVENT_SOURCE":"projects/ajenaration/locations/us-central1/services/app","FUNCTION_TARGET":"app","LOG_EXECUTION_ID":"true"},"ingressSettings":"ALLOW_ALL","serviceAccountEmail":"142910519324-compute@developer.gserviceaccount.com","availableMemory":"256Mi","maxInstanceRequestConcurrency":80,"availableCpu":"1"},"state":"UNKNOWN","labels":{"firebase-functions-hash":"055d233f091e240b5586ce0ccb69adf8470c0c18"},"stateMessages":[{"severity":"ERROR","type":"CloudRunServiceNotFound","message":"Cloud Run service projects/ajenaration/locations/us-central1/services/app for the function was not found. The function will not work correctly. Please redeploy."}],"environment":"GEN_2","url":"https://us-central1-ajenaration.cloudfunctions.net/app","satisfiesPzi":true},"stages":[{"name":"BUILD","message":"Build in progress","state":"IN_PROGRESS","resource":"projects/142910519324/locations/us-central1/builds/ff496e86-b298-4a3d-aafc-d0cab0274b0e","resourceUri":"https://console.cloud.google.com/cloud-build/builds;region=us-central1/ff496e86-b298-4a3d-aafc-d0cab0274b0e?project=142910519324"},{"name":"SERVICE","state":"NOT_STARTED"}],"operationType":"UPDATE_FUNCTION","buildName":"projects/142910519324/locations/us-central1/builds/ff496e86-b298-4a3d-aafc-d0cab0274b0e"},"done":false}
[debug] [2026-01-03T14:23:39.891Z] [update-default-us-central1-app] Retrying task index 0
[debug] [2026-01-03T14:23:39.892Z] Checked if tokens are valid: true, expires at: 1767453762232
[debug] [2026-01-03T14:23:39.892Z] Checked if tokens are valid: true, expires at: 1767453762232
[debug] [2026-01-03T14:23:39.892Z] >>> [apiv2][query] GET https://cloudfunctions.googleapis.com/v2/projects/ajenaration/locations/us-central1/operations/operation-1767450201694-6477c916e21c5-b487779b-4f01e8f5 [none]
[debug] [2026-01-03T14:23:40.088Z] <<< [apiv2][status] GET https://cloudfunctions.googleapis.com/v2/projects/ajenaration/locations/us-central1/operations/operation-1767450201694-6477c916e21c5-b487779b-4f01e8f5 200
[debug] [2026-01-03T14:23:40.088Z] <<< [apiv2][body] GET https://cloudfunctions.googleapis.com/v2/projects/ajenaration/locations/us-central1/operations/operation-1767450201694-6477c916e21c5-b487779b-4f01e8f5 {"name":"projects/ajenaration/locations/us-central1/operations/operation-1767450201694-6477c916e21c5-b487779b-4f01e8f5","metadata":{"@type":"type.googleapis.com/google.cloud.functions.v2.OperationMetadata","createTime":"2026-01-03T14:23:22.704153495Z","target":"projects/ajenaration/locations/us-central1/functions/app","verb":"update","cancelRequested":false,"apiVersion":"v2","requestResource":{"@type":"type.googleapis.com/google.cloud.functions.v2.Function","name":"projects/ajenaration/locations/us-central1/functions/app","buildConfig":{"runtime":"nodejs24","entryPoint":"app","source":{"storageSource":{"bucket":"gcf-v2-sources-142910519324-us-central1","object":"app/function-source.zip","generation":"1767450202645315"}},"environmentVariables":{"GOOGLE_NODE_RUN_SCRIPTS":""},"dockerRepository":"projects/ajenaration/locations/us-central1/repositories/gcf-artifacts","sourceProvenance":{"resolvedStorageSource":{"bucket":"gcf-v2-sources-142910519324-us-central1","object":"app/function-source.zip","generation":"1767401172996829"}},"dockerRegistry":"ARTIFACT_REGISTRY","serviceAccount":"projects/ajenaration/serviceAccounts/142910519324-compute@developer.gserviceaccount.com","automaticUpdatePolicy":{}},"serviceConfig":{"service":"projects/ajenaration/locations/us-central1/services/app","timeoutSeconds":60,"environmentVariables":{"FIREBASE_CONFIG":"{\"projectId\":\"ajenaration\",\"storageBucket\":\"ajenaration.firebasestorage.app\"}","GCLOUD_PROJECT":"ajenaration","EVENTARC_CLOUD_EVENT_SOURCE":"projects/ajenaration/locations/us-central1/services/app","FUNCTION_TARGET":"app","LOG_EXECUTION_ID":"true"},"ingressSettings":"ALLOW_ALL","serviceAccountEmail":"142910519324-compute@developer.gserviceaccount.com","availableMemory":"256Mi","maxInstanceRequestConcurrency":80,"availableCpu":"1"},"state":"UNKNOWN","labels":{"firebase-functions-hash":"055d233f091e240b5586ce0ccb69adf8470c0c18"},"stateMessages":[{"severity":"ERROR","type":"CloudRunServiceNotFound","message":"Cloud Run service projects/ajenaration/locations/us-central1/services/app for the function was not found. The function will not work correctly. Please redeploy."}],"environment":"GEN_2","url":"https://us-central1-ajenaration.cloudfunctions.net/app","satisfiesPzi":true},"stages":[{"name":"BUILD","message":"Build in progress","state":"IN_PROGRESS","resource":"projects/142910519324/locations/us-central1/builds/ff496e86-b298-4a3d-aafc-d0cab0274b0e","resourceUri":"https://console.cloud.google.com/cloud-build/builds;region=us-central1/ff496e86-b298-4a3d-aafc-d0cab0274b0e?project=142910519324"},{"name":"SERVICE","state":"NOT_STARTED"}],"operationType":"UPDATE_FUNCTION","buildName":"projects/142910519324/locations/us-central1/builds/ff496e86-b298-4a3d-aafc-d0cab0274b0e"},"done":false}
[debug] [2026-01-03T14:23:50.093Z] [update-default-us-central1-app] Retrying task index 0
[debug] [2026-01-03T14:23:50.094Z] Checked if tokens are valid: true, expires at: 1767453762232
[debug] [2026-01-03T14:23:50.094Z] Checked if tokens are valid: true, expires at: 1767453762232
[debug] [2026-01-03T14:23:50.094Z] >>> [apiv2][query] GET https://cloudfunctions.googleapis.com/v2/projects/ajenaration/locations/us-central1/operations/operation-1767450201694-6477c916e21c5-b487779b-4f01e8f5 [none]
[debug] [2026-01-03T14:23:50.296Z] <<< [apiv2][status] GET https://cloudfunctions.googleapis.com/v2/projects/ajenaration/locations/us-central1/operations/operation-1767450201694-6477c916e21c5-b487779b-4f01e8f5 200
[debug] [2026-01-03T14:23:50.296Z] <<< [apiv2][body] GET https://cloudfunctions.googleapis.com/v2/projects/ajenaration/locations/us-central1/operations/operation-1767450201694-6477c916e21c5-b487779b-4f01e8f5 {"name":"projects/ajenaration/locations/us-central1/operations/operation-1767450201694-6477c916e21c5-b487779b-4f01e8f5","metadata":{"@type":"type.googleapis.com/google.cloud.functions.v2.OperationMetadata","createTime":"2026-01-03T14:23:22.704153495Z","target":"projects/ajenaration/locations/us-central1/functions/app","verb":"update","cancelRequested":false,"apiVersion":"v2","requestResource":{"@type":"type.googleapis.com/google.cloud.functions.v2.Function","name":"projects/ajenaration/locations/us-central1/functions/app","buildConfig":{"runtime":"nodejs24","entryPoint":"app","source":{"storageSource":{"bucket":"gcf-v2-sources-142910519324-us-central1","object":"app/function-source.zip","generation":"1767450202645315"}},"environmentVariables":{"GOOGLE_NODE_RUN_SCRIPTS":""},"dockerRepository":"projects/ajenaration/locations/us-central1/repositories/gcf-artifacts","sourceProvenance":{"resolvedStorageSource":{"bucket":"gcf-v2-sources-142910519324-us-central1","object":"app/function-source.zip","generation":"1767401172996829"}},"dockerRegistry":"ARTIFACT_REGISTRY","serviceAccount":"projects/ajenaration/serviceAccounts/142910519324-compute@developer.gserviceaccount.com","automaticUpdatePolicy":{}},"serviceConfig":{"service":"projects/ajenaration/locations/us-central1/services/app","timeoutSeconds":60,"environmentVariables":{"FIREBASE_CONFIG":"{\"projectId\":\"ajenaration\",\"storageBucket\":\"ajenaration.firebasestorage.app\"}","GCLOUD_PROJECT":"ajenaration","EVENTARC_CLOUD_EVENT_SOURCE":"projects/ajenaration/locations/us-central1/services/app","FUNCTION_TARGET":"app","LOG_EXECUTION_ID":"true"},"ingressSettings":"ALLOW_ALL","serviceAccountEmail":"142910519324-compute@developer.gserviceaccount.com","availableMemory":"256Mi","maxInstanceRequestConcurrency":80,"availableCpu":"1"},"state":"UNKNOWN","labels":{"firebase-functions-hash":"055d233f091e240b5586ce0ccb69adf8470c0c18"},"stateMessages":[{"severity":"ERROR","type":"CloudRunServiceNotFound","message":"Cloud Run service projects/ajenaration/locations/us-central1/services/app for the function was not found. The function will not work correctly. Please redeploy."}],"environment":"GEN_2","url":"https://us-central1-ajenaration.cloudfunctions.net/app","satisfiesPzi":true},"stages":[{"name":"BUILD","message":"Build in progress","state":"IN_PROGRESS","resource":"projects/142910519324/locations/us-central1/builds/ff496e86-b298-4a3d-aafc-d0cab0274b0e","resourceUri":"https://console.cloud.google.com/cloud-build/builds;region=us-central1/ff496e86-b298-4a3d-aafc-d0cab0274b0e?project=142910519324"},{"name":"SERVICE","state":"NOT_STARTED"}],"operationType":"UPDATE_FUNCTION","buildName":"projects/142910519324/locations/us-central1/builds/ff496e86-b298-4a3d-aafc-d0cab0274b0e"},"done":false}
[debug] [2026-01-03T14:24:00.301Z] [update-default-us-central1-app] Retrying task index 0
[debug] [2026-01-03T14:24:00.302Z] Checked if tokens are valid: true, expires at: 1767453762232
[debug] [2026-01-03T14:24:00.302Z] Checked if tokens are valid: true, expires at: 1767453762232
[debug] [2026-01-03T14:24:00.302Z] >>> [apiv2][query] GET https://cloudfunctions.googleapis.com/v2/projects/ajenaration/locations/us-central1/operations/operation-1767450201694-6477c916e21c5-b487779b-4f01e8f5 [none]
[debug] [2026-01-03T14:24:00.517Z] <<< [apiv2][status] GET https://cloudfunctions.googleapis.com/v2/projects/ajenaration/locations/us-central1/operations/operation-1767450201694-6477c916e21c5-b487779b-4f01e8f5 200
[debug] [2026-01-03T14:24:00.517Z] <<< [apiv2][body] GET https://cloudfunctions.googleapis.com/v2/projects/ajenaration/locations/us-central1/operations/operation-1767450201694-6477c916e21c5-b487779b-4f01e8f5 {"name":"projects/ajenaration/locations/us-central1/operations/operation-1767450201694-6477c916e21c5-b487779b-4f01e8f5","metadata":{"@type":"type.googleapis.com/google.cloud.functions.v2.OperationMetadata","createTime":"2026-01-03T14:23:22.704153495Z","endTime":"2026-01-03T14:23:53.373413423Z","target":"projects/ajenaration/locations/us-central1/functions/app","verb":"update","cancelRequested":false,"apiVersion":"v2","requestResource":{"@type":"type.googleapis.com/google.cloud.functions.v2.Function","name":"projects/ajenaration/locations/us-central1/functions/app","buildConfig":{"runtime":"nodejs24","entryPoint":"app","source":{"storageSource":{"bucket":"gcf-v2-sources-142910519324-us-central1","object":"app/function-source.zip","generation":"1767450202645315"}},"environmentVariables":{"GOOGLE_NODE_RUN_SCRIPTS":""},"dockerRepository":"projects/ajenaration/locations/us-central1/repositories/gcf-artifacts","sourceProvenance":{"resolvedStorageSource":{"bucket":"gcf-v2-sources-142910519324-us-central1","object":"app/function-source.zip","generation":"1767401172996829"}},"dockerRegistry":"ARTIFACT_REGISTRY","serviceAccount":"projects/ajenaration/serviceAccounts/142910519324-compute@developer.gserviceaccount.com","automaticUpdatePolicy":{}},"serviceConfig":{"service":"projects/ajenaration/locations/us-central1/services/app","timeoutSeconds":60,"environmentVariables":{"FIREBASE_CONFIG":"{\"projectId\":\"ajenaration\",\"storageBucket\":\"ajenaration.firebasestorage.app\"}","GCLOUD_PROJECT":"ajenaration","EVENTARC_CLOUD_EVENT_SOURCE":"projects/ajenaration/locations/us-central1/services/app","FUNCTION_TARGET":"app","LOG_EXECUTION_ID":"true"},"ingressSettings":"ALLOW_ALL","serviceAccountEmail":"142910519324-compute@developer.gserviceaccount.com","availableMemory":"256Mi","maxInstanceRequestConcurrency":80,"availableCpu":"1"},"state":"UNKNOWN","labels":{"firebase-functions-hash":"055d233f091e240b5586ce0ccb69adf8470c0c18"},"stateMessages":[{"severity":"ERROR","type":"CloudRunServiceNotFound","message":"Cloud Run service projects/ajenaration/locations/us-central1/services/app for the function was not found. The function will not work correctly. Please redeploy."}],"environment":"GEN_2","url":"https://us-central1-ajenaration.cloudfunctions.net/app","satisfiesPzi":true},"stages":[{"name":"SERVICE","state":"NOT_STARTED"}],"operationType":"UPDATE_FUNCTION"},"done":true,"error":{"code":3,"message":"Build failed with status: FAILURE. Could not build the function due to a missing permission on the build service account. If you didn't revoke that permission explicitly, this could be caused by a change in the organization policies. Please refer to the following documentation for more details and resolution: https://cloud.google.com/functions/docs/troubleshooting#build-service-account\n You can also view the logs at https://console.cloud.google.com/cloud-build/builds;region=us-central1/ff496e86-b298-4a3d-aafc-d0cab0274b0e?project=142910519324.\n"}}
[debug] [2026-01-03T14:24:00.517Z] Got source token undefined for region us-central1
[error] Build failed with status: FAILURE. Could not build the function due to a missing permission on the build service account. If you didn't revoke that permission explicitly, this could be caused by a change in the organization policies. Please refer to the following documentation for more details and resolution: https://cloud.google.com/functions/docs/troubleshooting#build-service-account
 You can also view the logs at https://console.cloud.google.com/cloud-build/builds;region=us-central1/ff496e86-b298-4a3d-aafc-d0cab0274b0e?project=142910519324.

[debug] [2026-01-03T14:24:00.523Z] Total Function Deployment time: 38229
[debug] [2026-01-03T14:24:00.523Z] 1 Functions Deployed
[debug] [2026-01-03T14:24:00.523Z] 1 Functions Errored
[debug] [2026-01-03T14:24:00.523Z] 0 Function Deployments Aborted
[debug] [2026-01-03T14:24:00.523Z] Average Function Deployment time: 38228
[info] 
[info] Functions deploy had errors with the following functions:
	app(us-central1)
[debug] [2026-01-03T14:24:00.763Z] Not printing URL for HTTPS function. Typically this means it didn't match a filter or we failed deployment
[debug] [2026-01-03T14:24:00.764Z] Checked if tokens are valid: true, expires at: 1767453762232
[debug] [2026-01-03T14:24:00.764Z] Checked if tokens are valid: true, expires at: 1767453762232
[debug] [2026-01-03T14:24:00.764Z] >>> [apiv2][query] GET https://artifactregistry.googleapis.com/v1/projects/ajenaration/locations/us-central1/repositories/gcf-artifacts [none]
[debug] [2026-01-03T14:24:01.261Z] <<< [apiv2][status] GET https://artifactregistry.googleapis.com/v1/projects/ajenaration/locations/us-central1/repositories/gcf-artifacts 200
[debug] [2026-01-03T14:24:01.261Z] <<< [apiv2][body] GET https://artifactregistry.googleapis.com/v1/projects/ajenaration/locations/us-central1/repositories/gcf-artifacts {"name":"projects/ajenaration/locations/us-central1/repositories/gcf-artifacts","format":"DOCKER","description":"This repository is created and used by Cloud Functions for storing function docker images.","labels":{"goog-managed-by":"cloudfunctions"},"createTime":"2026-01-03T00:46:22.436758Z","updateTime":"2026-01-03T00:48:21.044979Z","mode":"STANDARD_REPOSITORY","cleanupPolicies":{"firebase-functions-cleanup":{"id":"firebase-functions-cleanup","action":"DELETE","condition":{"tagState":"ANY","olderThan":"259200s"}}},"vulnerabilityScanningConfig":{"lastEnableTime":"2026-01-03T00:46:14.254277058Z","enablementState":"SCANNING_DISABLED","enablementStateReason":"API containerscanning.googleapis.com is not enabled."},"satisfiesPzi":true,"registryUri":"us-central1-docker.pkg.dev/ajenaration/gcf-artifacts"}
[debug] [2026-01-03T14:24:01.261Z] Functions deploy failed.
[debug] [2026-01-03T14:24:01.261Z] {
  "endpoint": {
    "id": "app",
    "project": "ajenaration",
    "region": "us-central1",
    "entryPoint": "app",
    "platform": "gcfv2",
    "runtime": "nodejs24",
    "httpsTrigger": {},
    "labels": {
      "deployment-tool": "cli-firebase"
    },
    "serviceAccount": null,
    "ingressSettings": null,
    "availableMemoryMb": null,
    "timeoutSeconds": null,
    "maxInstances": null,
    "minInstances": null,
    "concurrency": 80,
    "vpc": null,
    "environmentVariables": {
      "FIREBASE_CONFIG": "{\"projectId\":\"ajenaration\",\"storageBucket\":\"ajenaration.firebasestorage.app\"}",
      "GCLOUD_PROJECT": "ajenaration",
      "EVENTARC_CLOUD_EVENT_SOURCE": "projects/ajenaration/locations/us-central1/services/app"
    },
    "codebase": "default",
    "securityLevel": "SECURE_ALWAYS",
    "cpu": 1,
    "targetedByOnly": false,
    "hash": "055d233f091e240b5586ce0ccb69adf8470c0c18"
  },
  "op": "update",
  "original": {
    "name": "FirebaseError",
    "children": [],
    "exit": 1,
    "message": "Build failed with status: FAILURE. Could not build the function due to a missing permission on the build service account. If you didn't revoke that permission explicitly, this could be caused by a change in the organization policies. Please refer to the following documentation for more details and resolution: https://cloud.google.com/functions/docs/troubleshooting#build-service-account\n You can also view the logs at https://console.cloud.google.com/cloud-build/builds;region=us-central1/ff496e86-b298-4a3d-aafc-d0cab0274b0e?project=142910519324.\n",
    "original": {
      "code": 3,
      "message": "Build failed with status: FAILURE. Could not build the function due to a missing permission on the build service account. If you didn't revoke that permission explicitly, this could be caused by a change in the organization policies. Please refer to the following documentation for more details and resolution: https://cloud.google.com/functions/docs/troubleshooting#build-service-account\n You can also view the logs at https://console.cloud.google.com/cloud-build/builds;region=us-central1/ff496e86-b298-4a3d-aafc-d0cab0274b0e?project=142910519324.\n"
    },
    "status": 3,
    "code": 3
  }
}
[debug] [2026-01-03T14:24:01.302Z] Error: Failed to update function app in region us-central1
    at C:\Users\ayana\AppData\Roaming\npm\node_modules\firebase-tools\lib\deploy\functions\release\fabricator.js:411:19
    at process.processTicksAndRejections (node:internal/process/task_queues:103:5)
    at async Fabricator.updateV2Function (C:\Users\ayana\AppData\Roaming\npm\node_modules\firebase-tools\lib\deploy\functions\release\fabricator.js:400:32)
    at async Fabricator.updateEndpoint (C:\Users\ayana\AppData\Roaming\npm\node_modules\firebase-tools\lib\deploy\functions\release\fabricator.js:160:13)
    at async handle (C:\Users\ayana\AppData\Roaming\npm\node_modules\firebase-tools\lib\deploy\functions\release\fabricator.js:89:17)
[error] 
[error] Error: There was an error deploying functions
